<?xml version="1.0" encoding="UTF-8"?>
<!-- Generated by org.testng.reporters.JUnitReportReporter -->
<testsuite skipped="0" hostname="DESKTOP-IFA1H7N" name="com.qa.hs.tests.LoginTest" tests="1" failures="0" timestamp="15 Sep 2020 05:57:52 GMT" time="37.000" errors="0">
  <testcase name="loginTest" time="37.000" classname="com.qa.hs.tests.LoginTest"/>
</testsuite> <!-- com.qa.hs.tests.LoginTest -->
